<?xml version="1.0" encoding="UTF-8"?>
<!-- Generated by org.testng.reporters.JUnitReportReporter -->
<testsuite hostname="INW1PF1PY3M7" name="com.booking.scripts.Booking" tests="6" failures="0" timestamp="22 Jan 2020 19:23:35 GMT" time="20.436" errors="0">
  <testcase name="verifyThatUserShouldNotBeAllowedToCreateBokingsIfCheckOutDateIsLessThanCheckInDateWithTime" time="2.233" classname="com.booking.scripts.Booking"/>
  <testcase name="verifyThatSystemShouldNotReturnanyValueForInvaldRoomId" time="3.724" classname="com.booking.scripts.Booking"/>
  <testcase name="verifyThatUserShouldNotBeAllowedToCreateBokingsOnSameDate" time="2.150" classname="com.booking.scripts.Booking"/>
  <testcase name="verifyThatUserShouldNotBeAllowedToCreateBokingsIfCheckOutDateIsLessThanCheckInDate" time="1.978" classname="com.booking.scripts.Booking"/>
  <testcase name="verifyThatDataReturnedForExistingBookingMatches" time="8.571" classname="com.booking.scripts.Booking"/>
  <testcase name="verifyThatSystemShouldReturnAtleastTwoExistingBookings" time="1.780" classname="com.booking.scripts.Booking"/>
</testsuite> <!-- com.booking.scripts.Booking -->
